<?xml version="1.0" encoding="UTF-8"?>
<!-- Generated by org.testng.reporters.JUnitReportReporter -->
<testsuite hostname="MdKhaja" failures="0" tests="3" name="com.TextExecutor.TestRunner" time="213.084" errors="0" timestamp="2024-11-16T11:44:15 IST" skipped="0">
  <testcase classname="com.TextExecutor.TestRunner" name="runScenario" time="101.822"/>
  <testcase classname="com.TextExecutor.TestRunner" name="runScenario" time="59.451"/>
  <testcase classname="com.TextExecutor.TestRunner" name="runScenario" time="51.811"/>
</testsuite> <!-- com.TextExecutor.TestRunner -->
